<?xml version="1.0" encoding="UTF-8"?>
<!-- Generated by org.testng.reporters.JUnitXMLReporter -->
<testsuite hostname="PUNITP205796L" name="AdvancedSearch_Accreditations" tests="1" failures="1" timestamp="26 Feb 2018 00:48:13 GMT" time="106.751" errors="0">
  <testcase name="advanceSearch" time="70.089" classname="webonise.redHat.java.RH_Search">
    <failure type="java.lang.AssertionError">
      <![CDATA[java.lang.AssertionError
	at org.junit.Assert.fail(Assert.java:86)
	at org.junit.Assert.assertTrue(Assert.java:41)
	at org.junit.Assert.assertTrue(Assert.java:52)
	at webonise.redHat.java.RH_Login.valid_login(RH_Login.java:69)
	at webonise.redHat.java.RH_Search.advanceSearch(RH_Search.java:263)
... Removed 24 stack frames]]>
    </failure>
  </testcase> <!-- advanceSearch -->
</testsuite> <!-- AdvancedSearch_Accreditations -->
